<?xml version="1.0" encoding="UTF-8"?>
<!-- Generated by org.testng.reporters.JUnitReportReporter -->
<testsuite hostname="GFL04483" failures="0" tests="1" name="gflwishes.testcases.cleanfill" time="38.647" errors="0" timestamp="2020-05-08T14:23:57 EDT" skipped="0">
  <testcase classname="gflwishes.testcases.cleanfill" name="TC01_Create_Batches" time="38.647"/>
  <system-out/>
</testsuite> <!-- gflwishes.testcases.cleanfill -->
